<?xml version="1.0" encoding="UTF-8"?>
<!-- Generated by org.testng.reporters.JUnitXMLReporter -->
<testsuite hostname="user-PC" name="Command line test" tests="4" failures="0" timestamp="14 Aug 2017 18:22:09 GMT" time="0.174" errors="0">
  <testcase name="testCreate" time="0.013" classname="TutorialPlannerApp.services.StudentServiceTest"/>
  <testcase name="testRead" time="0.0" classname="TutorialPlannerApp.services.StudentServiceTest"/>
  <testcase name="testUpdate" time="0.001" classname="TutorialPlannerApp.services.StudentServiceTest"/>
  <testcase name="testDelete" time="0.001" classname="TutorialPlannerApp.services.StudentServiceTest"/>
</testsuite> <!-- Command line test -->
