<?xml version="1.0" encoding="UTF-8"?>
<!-- Generated by org.testng.reporters.JUnitXMLReporter -->
<testsuite hostname="user-PC" name="Command line test" tests="9" failures="3" timestamp="14 Aug 2017 18:12:22 GMT" time="0.374" errors="0">
  <testcase name="getStudent" time="0.02" classname="TutorialPlannerApp.factories.StudentFactoryTest">
    <failure type="java.lang.AssertionError" message="expected [null] but found [Wick]">
      <![CDATA[java.lang.AssertionError: expected [null] but found [Wick]
	at TutorialPlannerApp.factories.StudentFactoryTest.getStudent(StudentFactoryTest.java:28)
... Removed 39 stack frames]]>
    </failure>
  </testcase> <!-- getStudent -->
  <testcase name="create" time="0.001" classname="TutorialPlannerApp.repositories.StudentRepositoryTest"/>
  <testcase name="testCreate" time="0.001" classname="TutorialPlannerApp.services.StudentServiceTest"/>
  <testcase name="read" time="0.001" classname="TutorialPlannerApp.repositories.StudentRepositoryTest"/>
  <testcase name="testRead" time="0.001" classname="TutorialPlannerApp.services.StudentServiceTest"/>
  <testcase name="update" time="0.001" classname="TutorialPlannerApp.repositories.StudentRepositoryTest">
    <failure type="java.lang.AssertionError" message="expected [null] but found [Wick]">
      <![CDATA[java.lang.AssertionError: expected [null] but found [Wick]
	at TutorialPlannerApp.repositories.StudentRepositoryTest.update(StudentRepositoryTest.java:56)
... Removed 39 stack frames]]>
    </failure>
  </testcase> <!-- update -->
  <testcase name="testUpdate" time="0.001" classname="TutorialPlannerApp.services.StudentServiceTest">
    <failure type="java.lang.AssertionError" message="expected [Deo] but found [Wick]">
      <![CDATA[java.lang.AssertionError: expected [Deo] but found [Wick]
	at TutorialPlannerApp.services.StudentServiceTest.testUpdate(StudentServiceTest.java:57)
... Removed 39 stack frames]]>
    </failure>
  </testcase> <!-- testUpdate -->
  <testcase name="delete" time="0.001" classname="TutorialPlannerApp.repositories.StudentRepositoryTest">
    <skipped/>
  </testcase> <!-- delete -->
  <testcase name="testDelete" time="0.001" classname="TutorialPlannerApp.services.StudentServiceTest">
    <skipped/>
  </testcase> <!-- testDelete -->
</testsuite> <!-- Command line test -->
