<?xml version="1.0" encoding="UTF-8"?>
<!-- Generated by org.testng.reporters.JUnitXMLReporter -->
<testsuite hostname="user-PC" name="Command line test" tests="4" failures="0" timestamp="14 Aug 2017 18:51:41 GMT" time="0.25" errors="0">
  <testcase name="testCreate" time="0.128" classname="TutorialPlannerApp.services.TutorServiceTest"/>
  <testcase name="testRead" time="0.001" classname="TutorialPlannerApp.services.TutorServiceTest"/>
  <testcase name="testUpdate" time="0.001" classname="TutorialPlannerApp.services.TutorServiceTest"/>
  <testcase name="testDelete" time="0.001" classname="TutorialPlannerApp.services.TutorServiceTest"/>
</testsuite> <!-- Command line test -->
