<?xml version="1.0" encoding="UTF-8"?>
<!-- Generated by org.testng.reporters.JUnitXMLReporter -->
<testsuite hostname="user-PC" name="Command line test" tests="4" failures="0" timestamp="14 Aug 2017 18:20:32 GMT" time="0.133" errors="0">
  <testcase name="create" time="0.041" classname="TutorialPlannerApp.repositories.StudentRepositoryTest"/>
  <testcase name="read" time="0.001" classname="TutorialPlannerApp.repositories.StudentRepositoryTest"/>
  <testcase name="update" time="0.0" classname="TutorialPlannerApp.repositories.StudentRepositoryTest"/>
  <testcase name="delete" time="0.0" classname="TutorialPlannerApp.repositories.StudentRepositoryTest"/>
</testsuite> <!-- Command line test -->
