<?xml version="1.0" encoding="UTF-8"?>
<!-- Generated by org.testng.reporters.JUnitXMLReporter -->
<testsuite hostname="DESKTOP-E03L8FH" name="Surefire test" tests="4" failures="1" timestamp="13 Aug 2017 12:37:15 GMT" time="0.07" errors="0">
  <testcase name="create" time="0.006" classname="TutorialPlannerApp.repositories.StudentRepositoryTest"/>
  <testcase name="read" time="0.0" classname="TutorialPlannerApp.repositories.StudentRepositoryTest"/>
  <testcase name="update" time="0.002" classname="TutorialPlannerApp.repositories.StudentRepositoryTest">
    <failure type="java.lang.AssertionError" message="expected [null] but found [Wick]">
      <![CDATA[java.lang.AssertionError: expected [null] but found [Wick]
	at TutorialPlannerApp.repositories.StudentRepositoryTest.update(StudentRepositoryTest.java:56)
... Removed 33 stack frames]]>
    </failure>
  </testcase> <!-- update -->
  <testcase name="delete" time="0.001" classname="TutorialPlannerApp.repositories.StudentRepositoryTest">
    <skipped/>
  </testcase> <!-- delete -->
</testsuite> <!-- Surefire test -->
