<?xml version="1.0" encoding="UTF-8"?>
<!-- Generated by org.testng.reporters.JUnitXMLReporter -->
<testsuite hostname="user-PC" name="Command line test" tests="4" failures="0" timestamp="14 Aug 2017 18:35:03 GMT" time="0.173" errors="0">
  <testcase name="create" time="0.043" classname="TutorialPlannerApp.repositories.SubjectRepositoryTest"/>
  <testcase name="read" time="0.001" classname="TutorialPlannerApp.repositories.SubjectRepositoryTest"/>
  <testcase name="update" time="0.001" classname="TutorialPlannerApp.repositories.SubjectRepositoryTest"/>
  <testcase name="delete" time="0.001" classname="TutorialPlannerApp.repositories.SubjectRepositoryTest"/>
</testsuite> <!-- Command line test -->
