<?xml version="1.0" encoding="UTF-8"?>
<!-- Generated by org.testng.reporters.JUnitXMLReporter -->
<testsuite hostname="user-PC" name="Command line test" tests="4" failures="0" timestamp="14 Aug 2017 19:02:40 GMT" time="0.159" errors="0">
  <testcase name="create" time="0.042" classname="TutorialPlannerApp.repositories.TutorialTypeRepositoryTest"/>
  <testcase name="read" time="0.0" classname="TutorialPlannerApp.repositories.TutorialTypeRepositoryTest"/>
  <testcase name="update" time="0.001" classname="TutorialPlannerApp.repositories.TutorialTypeRepositoryTest"/>
  <testcase name="delete" time="0.0" classname="TutorialPlannerApp.repositories.TutorialTypeRepositoryTest"/>
</testsuite> <!-- Command line test -->
