<?xml version="1.0" encoding="UTF-8"?>
<testng-results skipped="0" failed="0" total="4" passed="4">
  <reporter-output>
  </reporter-output>
  <suite name="TutorialPlannerApp.services.TutorialTypeServiceTest" duration-ms="117" started-at="2017-08-14T19:06:52Z" finished-at="2017-08-14T19:06:52Z">
    <groups>
    </groups>
    <test name="Command line test" duration-ms="117" started-at="2017-08-14T19:06:52Z" finished-at="2017-08-14T19:06:52Z">
      <class name="TutorialPlannerApp.services.TutorialTypeServiceTest">
        <test-method status="PASS" signature="setUp()[pri:0, instance:TutorialPlannerApp.services.TutorialTypeServiceTest@1f37ef1]" name="setUp" is-config="true" duration-ms="53" started-at="2017-08-14T21:06:52Z" finished-at="2017-08-14T21:06:52Z">
          <reporter-output>
          </reporter-output>
        </test-method> <!-- setUp -->
        <test-method status="PASS" signature="testCreate()[pri:0, instance:TutorialPlannerApp.services.TutorialTypeServiceTest@1f37ef1]" name="testCreate" duration-ms="12" started-at="2017-08-14T21:06:52Z" finished-at="2017-08-14T21:06:52Z">
          <reporter-output>
          </reporter-output>
        </test-method> <!-- testCreate -->
        <test-method status="PASS" signature="setUp()[pri:0, instance:TutorialPlannerApp.services.TutorialTypeServiceTest@1f37ef1]" name="setUp" is-config="true" duration-ms="1" started-at="2017-08-14T21:06:52Z" finished-at="2017-08-14T21:06:52Z">
          <reporter-output>
          </reporter-output>
        </test-method> <!-- setUp -->
        <test-method status="PASS" signature="testRead()[pri:0, instance:TutorialPlannerApp.services.TutorialTypeServiceTest@1f37ef1]" name="testRead" duration-ms="1" started-at="2017-08-14T21:06:52Z" depends-on-methods="TutorialPlannerApp.services.TutorialTypeServiceTest.testCreate" finished-at="2017-08-14T21:06:52Z">
          <reporter-output>
          </reporter-output>
        </test-method> <!-- testRead -->
        <test-method status="PASS" signature="setUp()[pri:0, instance:TutorialPlannerApp.services.TutorialTypeServiceTest@1f37ef1]" name="setUp" is-config="true" duration-ms="1" started-at="2017-08-14T21:06:52Z" finished-at="2017-08-14T21:06:52Z">
          <reporter-output>
          </reporter-output>
        </test-method> <!-- setUp -->
        <test-method status="PASS" signature="testUpdate()[pri:0, instance:TutorialPlannerApp.services.TutorialTypeServiceTest@1f37ef1]" name="testUpdate" duration-ms="1" started-at="2017-08-14T21:06:52Z" depends-on-methods="TutorialPlannerApp.services.TutorialTypeServiceTest.testRead" finished-at="2017-08-14T21:06:52Z">
          <reporter-output>
          </reporter-output>
        </test-method> <!-- testUpdate -->
        <test-method status="PASS" signature="setUp()[pri:0, instance:TutorialPlannerApp.services.TutorialTypeServiceTest@1f37ef1]" name="setUp" is-config="true" duration-ms="1" started-at="2017-08-14T21:06:52Z" finished-at="2017-08-14T21:06:52Z">
          <reporter-output>
          </reporter-output>
        </test-method> <!-- setUp -->
        <test-method status="PASS" signature="testDelete()[pri:0, instance:TutorialPlannerApp.services.TutorialTypeServiceTest@1f37ef1]" name="testDelete" duration-ms="1" started-at="2017-08-14T21:06:52Z" depends-on-methods="TutorialPlannerApp.services.TutorialTypeServiceTest.testUpdate" finished-at="2017-08-14T21:06:52Z">
          <reporter-output>
          </reporter-output>
        </test-method> <!-- testDelete -->
      </class> <!-- TutorialPlannerApp.services.TutorialTypeServiceTest -->
    </test> <!-- Command line test -->
  </suite> <!-- TutorialPlannerApp.services.TutorialTypeServiceTest -->
</testng-results>
