<?xml version="1.0" encoding="UTF-8"?>
<!-- Generated by org.testng.reporters.JUnitXMLReporter -->
<testsuite hostname="user-PC" name="Command line test" tests="4" failures="0" timestamp="14 Aug 2017 19:06:52 GMT" time="0.117" errors="0">
  <testcase name="testCreate" time="0.012" classname="TutorialPlannerApp.services.TutorialTypeServiceTest"/>
  <testcase name="testRead" time="0.001" classname="TutorialPlannerApp.services.TutorialTypeServiceTest"/>
  <testcase name="testUpdate" time="0.001" classname="TutorialPlannerApp.services.TutorialTypeServiceTest"/>
  <testcase name="testDelete" time="0.001" classname="TutorialPlannerApp.services.TutorialTypeServiceTest"/>
</testsuite> <!-- Command line test -->
